<?xml version="1.0" encoding="UTF-8"?>
<testsuite name="AutomationTest" tests="1" skipped="0" failures="0" errors="0" timestamp="2025-02-27T21:39:44" hostname="DESKTOP-SVT74DP" time="68.778">
  <properties/>
  <testcase name="testRegistroExitoso()" classname="AutomationTest" time="68.778"/>
  <system-out><![CDATA[]]></system-out>
  <system-err><![CDATA[Feb 27, 2025 4:39:44 PM org.openqa.selenium.remote.service.DriverService$Builder getLogOutput
INFO: Driver logs no longer sent to console by default; https://www.selenium.dev/documentation/webdriver/drivers/service/#setting-log-output
SLF4J: Failed to load class "org.slf4j.impl.StaticLoggerBinder".
SLF4J: Defaulting to no-operation (NOP) logger implementation
SLF4J: See http://www.slf4j.org/codes.html#StaticLoggerBinder for further details.
Feb 27, 2025 4:39:47 PM org.openqa.selenium.devtools.CdpVersionFinder findNearestMatch
WARNING: Unable to find CDP implementation matching 133
Feb 27, 2025 4:39:47 PM org.openqa.selenium.chromium.ChromiumDriver lambda$new$4
WARNING: Unable to find version of CDP to use for . You may need to include a dependency on a specific version of the CDP using something similar to `org.seleniumhq.selenium:selenium-devtools-v86:4.10.0` where the version ("v86") matches the version of the chromium-based browser you're using and the version number of the artifact is the same as Selenium's.
]]></system-err>
</testsuite>
